<?xml version="1.0" encoding="UTF-8"?>
<!-- Generated by org.testng.reporters.JUnitReportReporter -->
<testsuite skipped="0" hostname="IN5CD8052Q0G" name="mobile.TestEmulator" tests="6" failures="0" timestamp="13 Apr 2019 06:08:24 GMT" time="75.426" errors="0">
  <testcase name="testToast" time="0.000" classname="mobile.TestEmulator"/>
  <testcase name="testRegistration" time="0.210" classname="mobile.TestEmulator"/>
  <testcase name="testLabel" time="0.078" classname="mobile.TestEmulator"/>
  <testcase name="testDisplayText" time="8.246" classname="mobile.TestEmulator"/>
  <testcase name="testWaitingProgressBar" time="66.892" classname="mobile.TestEmulator"/>
  <testcase name="testWebView" time="0.000" classname="mobile.TestEmulator"/>
</testsuite> <!-- mobile.TestEmulator -->
