<?xml version="1.0" encoding="UTF-8"?>
<!-- Generated by org.testng.reporters.JUnitReportReporter -->
<testsuite skipped="0" hostname="IN5CD8052Q0G" name="mobile.TestBrowserStack" tests="3" failures="0" timestamp="12 Apr 2019 10:32:14 GMT" time="0.003" errors="0">
  <testcase name="h" time="0.000" classname="mobile.TestBrowserStack"/>
  <testcase name="g" time="0.000" classname="mobile.TestBrowserStack"/>
  <testcase name="f" time="0.003" classname="mobile.TestBrowserStack"/>
</testsuite> <!-- mobile.TestBrowserStack -->
