<?xml version="1.0" encoding="UTF-8"?>
<!-- Generated by org.testng.reporters.JUnitReportReporter -->
<testsuite skipped="0" hostname="IN5CD8052Q0G" name="mobile.TestBrowserStack" tests="1" failures="0" timestamp="02 Jan 2019 11:33:27 GMT" time="0.008" errors="0">
  <testcase name="steps" time="0.008" classname="mobile.TestBrowserStack"/>
</testsuite> <!-- mobile.TestBrowserStack -->
